2023-04-07 17:10:30,912 - PointTransformerVPT - INFO - Copy the Config file from cfgs/ShapeNet55_models/PointTransformerVPT.yaml to experiments_v3/PointTransformerVPT/ShapeNet55_models/pointtransformer_vpt/config.yaml
2023-04-07 17:10:30,913 - PointTransformerVPT - INFO - args.config : cfgs/ShapeNet55_models/PointTransformerVPT.yaml
2023-04-07 17:10:30,913 - PointTransformerVPT - INFO - args.launcher : none
2023-04-07 17:10:30,913 - PointTransformerVPT - INFO - args.local_rank : 0
2023-04-07 17:10:30,913 - PointTransformerVPT - INFO - args.num_workers : 4
2023-04-07 17:10:30,913 - PointTransformerVPT - INFO - args.seed : 0
2023-04-07 17:10:30,913 - PointTransformerVPT - INFO - args.deterministic : False
2023-04-07 17:10:30,913 - PointTransformerVPT - INFO - args.sync_bn : False
2023-04-07 17:10:30,914 - PointTransformerVPT - INFO - args.exp_name : pointtransformer_vpt
2023-04-07 17:10:30,914 - PointTransformerVPT - INFO - args.dataset_root : /mnt/store/dhegde1/data/3D_datasets
2023-04-07 17:10:30,914 - PointTransformerVPT - INFO - args.train_dataset : shapenet55
2023-04-07 17:10:30,914 - PointTransformerVPT - INFO - args.start_ckpts : None
2023-04-07 17:10:30,914 - PointTransformerVPT - INFO - args.ckpts : /mnt/store/dhegde1/code/CG3D/check_git/CLIP-goes-3D/model_files/point_transformer_1k.pth
2023-04-07 17:10:30,914 - PointTransformerVPT - INFO - args.val_freq : 1
2023-04-07 17:10:30,914 - PointTransformerVPT - INFO - args.text_prompt : This is a 
2023-04-07 17:10:30,914 - PointTransformerVPT - INFO - args.VL : SLIP
2023-04-07 17:10:30,914 - PointTransformerVPT - INFO - args.out_dir : experiments_v3
2023-04-07 17:10:30,914 - PointTransformerVPT - INFO - args.slip_model : /mnt/store/dhegde1/code/CG3D/check_git/CLIP-goes-3D/model_files/slip_base_100ep.pt
2023-04-07 17:10:30,914 - PointTransformerVPT - INFO - args.ssl_mlp_dim : 4096
2023-04-07 17:10:30,915 - PointTransformerVPT - INFO - args.ssl_emb_dim : 256
2023-04-07 17:10:30,915 - PointTransformerVPT - INFO - args.slip_model_name : SLIP_VITB16
2023-04-07 17:10:30,915 - PointTransformerVPT - INFO - args.resume : False
2023-04-07 17:10:30,915 - PointTransformerVPT - INFO - args.dvae : False
2023-04-07 17:10:30,915 - PointTransformerVPT - INFO - args.scene : False
2023-04-07 17:10:30,915 - PointTransformerVPT - INFO - args.real_caption : False
2023-04-07 17:10:30,915 - PointTransformerVPT - INFO - args.zshot : True
2023-04-07 17:10:30,915 - PointTransformerVPT - INFO - args.pretrain : False
2023-04-07 17:10:30,915 - PointTransformerVPT - INFO - args.finetune : False
2023-04-07 17:10:30,915 - PointTransformerVPT - INFO - args.finetune_image : False
2023-04-07 17:10:30,915 - PointTransformerVPT - INFO - args.barlow : False
2023-04-07 17:10:30,915 - PointTransformerVPT - INFO - args.random_sample : False
2023-04-07 17:10:30,915 - PointTransformerVPT - INFO - args.real : False
2023-04-07 17:10:30,915 - PointTransformerVPT - INFO - args.visual_prompting : True
2023-04-07 17:10:30,915 - PointTransformerVPT - INFO - args.original : False
2023-04-07 17:10:30,915 - PointTransformerVPT - INFO - args.test : False
2023-04-07 17:10:30,916 - PointTransformerVPT - INFO - args.no_pb : False
2023-04-07 17:10:30,916 - PointTransformerVPT - INFO - args.finetune_model : False
2023-04-07 17:10:30,916 - PointTransformerVPT - INFO - args.image : False
2023-04-07 17:10:30,916 - PointTransformerVPT - INFO - args.depth : False
2023-04-07 17:10:30,916 - PointTransformerVPT - INFO - args.cls : False
2023-04-07 17:10:30,916 - PointTransformerVPT - INFO - args.text : False
2023-04-07 17:10:30,916 - PointTransformerVPT - INFO - args.clip : False
2023-04-07 17:10:30,916 - PointTransformerVPT - INFO - args.scratch_model : False
2023-04-07 17:10:30,916 - PointTransformerVPT - INFO - args.label_smoothing : False
2023-04-07 17:10:30,916 - PointTransformerVPT - INFO - args.mode : None
2023-04-07 17:10:30,916 - PointTransformerVPT - INFO - args.way : -1
2023-04-07 17:10:30,916 - PointTransformerVPT - INFO - args.shot : -1
2023-04-07 17:10:30,916 - PointTransformerVPT - INFO - args.fold : -1
2023-04-07 17:10:30,916 - PointTransformerVPT - INFO - args.npoints : 8192
2023-04-07 17:10:30,916 - PointTransformerVPT - INFO - args.per_samples : -1
2023-04-07 17:10:30,916 - PointTransformerVPT - INFO - args.aug_prob : 0.3
2023-04-07 17:10:30,916 - PointTransformerVPT - INFO - args.experiment_path : experiments_v3/PointTransformerVPT/ShapeNet55_models/pointtransformer_vpt
2023-04-07 17:10:30,917 - PointTransformerVPT - INFO - args.tfboard_path : experiments_v3/PointTransformerVPT/ShapeNet55_models/TFBoard/pointtransformer_vpt
2023-04-07 17:10:30,917 - PointTransformerVPT - INFO - args.log_name : PointTransformerVPT
2023-04-07 17:10:30,917 - PointTransformerVPT - INFO - args.use_gpu : True
2023-04-07 17:10:30,917 - PointTransformerVPT - INFO - args.distributed : False
2023-04-07 17:10:30,917 - PointTransformerVPT - INFO - config.optimizer_clip = edict()
2023-04-07 17:10:30,917 - PointTransformerVPT - INFO - config.optimizer_clip.type : sgd
2023-04-07 17:10:30,917 - PointTransformerVPT - INFO - config.optimizer_clip.kwargs = edict()
2023-04-07 17:10:30,917 - PointTransformerVPT - INFO - config.optimizer_clip.kwargs.momentum : 0.9
2023-04-07 17:10:30,917 - PointTransformerVPT - INFO - config.optimizer_clip.kwargs.base_lr : 0.002
2023-04-07 17:10:30,917 - PointTransformerVPT - INFO - config.optimizer_clip.kwargs.bias_multiplier : 1
2023-04-07 17:10:30,917 - PointTransformerVPT - INFO - config.optimizer_clip.kwargs.weight_decay : 0.0001
2023-04-07 17:10:30,917 - PointTransformerVPT - INFO - config.scheduler = edict()
2023-04-07 17:10:30,917 - PointTransformerVPT - INFO - config.scheduler.type : CosLR
2023-04-07 17:10:30,917 - PointTransformerVPT - INFO - config.scheduler.kwargs = edict()
2023-04-07 17:10:30,917 - PointTransformerVPT - INFO - config.scheduler.kwargs.epochs : 100
2023-04-07 17:10:30,917 - PointTransformerVPT - INFO - config.scheduler.kwargs.initial_epochs : 0
2023-04-07 17:10:30,918 - PointTransformerVPT - INFO - config.scheduler.kwargs.min_lr : 1e-06
2023-04-07 17:10:30,918 - PointTransformerVPT - INFO - config.optimizer = edict()
2023-04-07 17:10:30,918 - PointTransformerVPT - INFO - config.optimizer.type : AdamW
2023-04-07 17:10:30,918 - PointTransformerVPT - INFO - config.optimizer.kwargs = edict()
2023-04-07 17:10:30,918 - PointTransformerVPT - INFO - config.optimizer.kwargs.lr : 5e-05
2023-04-07 17:10:30,918 - PointTransformerVPT - INFO - config.optimizer.kwargs.weight_decay : 0.05
2023-04-07 17:10:30,918 - PointTransformerVPT - INFO - config.dataset = edict()
2023-04-07 17:10:30,918 - PointTransformerVPT - INFO - config.dataset.train = edict()
2023-04-07 17:10:30,918 - PointTransformerVPT - INFO - config.dataset.train._base_ = edict()
2023-04-07 17:10:30,918 - PointTransformerVPT - INFO - config.dataset.train._base_.NAME : ShapeNet
2023-04-07 17:10:30,918 - PointTransformerVPT - INFO - config.dataset.train._base_.DATA_PATH : /mnt/store/dhegde1/data/3D_datasets/ShapeNet55
2023-04-07 17:10:30,918 - PointTransformerVPT - INFO - config.dataset.train._base_.N_POINTS : 8192
2023-04-07 17:10:30,918 - PointTransformerVPT - INFO - config.dataset.train._base_.PC_PATH : /mnt/store/dhegde1/data/3D_datasets/shapenet_pc
2023-04-07 17:10:30,918 - PointTransformerVPT - INFO - config.dataset.train.others = edict()
2023-04-07 17:10:30,918 - PointTransformerVPT - INFO - config.dataset.train.others.subset : train
2023-04-07 17:10:30,918 - PointTransformerVPT - INFO - config.dataset.train.others.bs : 64
2023-04-07 17:10:30,919 - PointTransformerVPT - INFO - config.dataset.mn40 = edict()
2023-04-07 17:10:30,919 - PointTransformerVPT - INFO - config.dataset.mn40._base_ = edict()
2023-04-07 17:10:30,919 - PointTransformerVPT - INFO - config.dataset.mn40._base_.NAME : ModelNet
2023-04-07 17:10:30,919 - PointTransformerVPT - INFO - config.dataset.mn40._base_.DATA_PATH : /mnt/store/dhegde1/data/3D_datasets/modelnet40_normal_resampled
2023-04-07 17:10:30,919 - PointTransformerVPT - INFO - config.dataset.mn40._base_.N_POINTS : 8192
2023-04-07 17:10:30,919 - PointTransformerVPT - INFO - config.dataset.mn40._base_.NUM_CATEGORY : 40
2023-04-07 17:10:30,919 - PointTransformerVPT - INFO - config.dataset.mn40._base_.DEPTH : False
2023-04-07 17:10:30,919 - PointTransformerVPT - INFO - config.dataset.mn40._base_.PROCESS : True
2023-04-07 17:10:30,919 - PointTransformerVPT - INFO - config.dataset.mn40._base_.USE_NORMALS : False
2023-04-07 17:10:30,919 - PointTransformerVPT - INFO - config.dataset.mn40.others = edict()
2023-04-07 17:10:30,919 - PointTransformerVPT - INFO - config.dataset.mn40.others.subset : test
2023-04-07 17:10:30,919 - PointTransformerVPT - INFO - config.dataset.mn40.others.bs : 64
2023-04-07 17:10:30,919 - PointTransformerVPT - INFO - config.dataset.mn10 = edict()
2023-04-07 17:10:30,919 - PointTransformerVPT - INFO - config.dataset.mn10._base_ = edict()
2023-04-07 17:10:30,919 - PointTransformerVPT - INFO - config.dataset.mn10._base_.NAME : ModelNet
2023-04-07 17:10:30,919 - PointTransformerVPT - INFO - config.dataset.mn10._base_.DATA_PATH : /mnt/store/dhegde1/data/3D_datasets/modelnet40_normal_resampled
2023-04-07 17:10:30,919 - PointTransformerVPT - INFO - config.dataset.mn10._base_.N_POINTS : 8192
2023-04-07 17:10:30,920 - PointTransformerVPT - INFO - config.dataset.mn10._base_.NUM_CATEGORY : 10
2023-04-07 17:10:30,920 - PointTransformerVPT - INFO - config.dataset.mn10._base_.DEPTH : False
2023-04-07 17:10:30,920 - PointTransformerVPT - INFO - config.dataset.mn10._base_.PROCESS : True
2023-04-07 17:10:30,920 - PointTransformerVPT - INFO - config.dataset.mn10._base_.USE_NORMALS : False
2023-04-07 17:10:30,920 - PointTransformerVPT - INFO - config.dataset.mn10.others = edict()
2023-04-07 17:10:30,920 - PointTransformerVPT - INFO - config.dataset.mn10.others.subset : test
2023-04-07 17:10:30,920 - PointTransformerVPT - INFO - config.dataset.mn10.others.bs : 64
2023-04-07 17:10:30,920 - PointTransformerVPT - INFO - config.dataset.scan = edict()
2023-04-07 17:10:30,920 - PointTransformerVPT - INFO - config.dataset.scan._base_ = edict()
2023-04-07 17:10:30,920 - PointTransformerVPT - INFO - config.dataset.scan._base_.NAME : ScanObjectNN_hardest
2023-04-07 17:10:30,920 - PointTransformerVPT - INFO - config.dataset.scan._base_.ROOT : /mnt/store/dhegde1/data/3D_datasets/ScanObjectNN/main_split_image
2023-04-07 17:10:30,920 - PointTransformerVPT - INFO - config.dataset.scan.others = edict()
2023-04-07 17:10:30,920 - PointTransformerVPT - INFO - config.dataset.scan.others.subset : test
2023-04-07 17:10:30,920 - PointTransformerVPT - INFO - config.dataset.scan.others.bs : 64
2023-04-07 17:10:30,920 - PointTransformerVPT - INFO - config.dataset.s3 = edict()
2023-04-07 17:10:30,920 - PointTransformerVPT - INFO - config.dataset.s3._base_ = edict()
2023-04-07 17:10:30,921 - PointTransformerVPT - INFO - config.dataset.s3._base_.NAME : S3DIS
2023-04-07 17:10:30,921 - PointTransformerVPT - INFO - config.dataset.s3._base_.DATA_PATH : /mnt/store/dhegde1/data/3D_datasets/
2023-04-07 17:10:30,921 - PointTransformerVPT - INFO - config.dataset.s3._base_.N_POINTS : 8192
2023-04-07 17:10:30,921 - PointTransformerVPT - INFO - config.dataset.s3._base_.PC_PATH : /mnt/store/dhegde1/data/3D_datasets/s3dis
2023-04-07 17:10:30,921 - PointTransformerVPT - INFO - config.dataset.s3.others = edict()
2023-04-07 17:10:30,921 - PointTransformerVPT - INFO - config.dataset.s3.others.subset : test
2023-04-07 17:10:30,921 - PointTransformerVPT - INFO - config.dataset.s3.others.bs : 64
2023-04-07 17:10:30,921 - PointTransformerVPT - INFO - config.dataset.s3dis = edict()
2023-04-07 17:10:30,921 - PointTransformerVPT - INFO - config.dataset.s3dis._base_ = edict()
2023-04-07 17:10:30,921 - PointTransformerVPT - INFO - config.dataset.s3dis._base_.NAME : S3DIS
2023-04-07 17:10:30,921 - PointTransformerVPT - INFO - config.dataset.s3dis._base_.DATA_PATH : /mnt/store/dhegde1/data/3D_datasets/
2023-04-07 17:10:30,921 - PointTransformerVPT - INFO - config.dataset.s3dis._base_.N_POINTS : 8192
2023-04-07 17:10:30,921 - PointTransformerVPT - INFO - config.dataset.s3dis._base_.PC_PATH : /mnt/store/dhegde1/data/3D_datasets/s3dis
2023-04-07 17:10:30,921 - PointTransformerVPT - INFO - config.dataset.s3dis.others = edict()
2023-04-07 17:10:30,921 - PointTransformerVPT - INFO - config.dataset.s3dis.others.subset : train
2023-04-07 17:10:30,921 - PointTransformerVPT - INFO - config.dataset.s3dis.others.bs : 64
2023-04-07 17:10:30,921 - PointTransformerVPT - INFO - config.model = edict()
2023-04-07 17:10:30,922 - PointTransformerVPT - INFO - config.model.NAME : PointTransformerProject
2023-04-07 17:10:30,922 - PointTransformerVPT - INFO - config.model.trans_dim : 384
2023-04-07 17:10:30,922 - PointTransformerVPT - INFO - config.model.depth : 12
2023-04-07 17:10:30,922 - PointTransformerVPT - INFO - config.model.drop_path_rate : 0.1
2023-04-07 17:10:30,922 - PointTransformerVPT - INFO - config.model.cls_dim : 55
2023-04-07 17:10:30,922 - PointTransformerVPT - INFO - config.model.num_heads : 6
2023-04-07 17:10:30,922 - PointTransformerVPT - INFO - config.model.group_size : 32
2023-04-07 17:10:30,922 - PointTransformerVPT - INFO - config.model.num_group : 64
2023-04-07 17:10:30,922 - PointTransformerVPT - INFO - config.model.encoder_dims : 256
2023-04-07 17:10:30,922 - PointTransformerVPT - INFO - config.npoints : 8192
2023-04-07 17:10:30,922 - PointTransformerVPT - INFO - config.total_bs : 64
2023-04-07 17:10:30,922 - PointTransformerVPT - INFO - config.step_per_update : 1
2023-04-07 17:10:30,922 - PointTransformerVPT - INFO - config.max_epoch : 100
2023-04-07 17:10:30,922 - PointTransformerVPT - INFO - config.grad_norm_clip : 10
2023-04-07 17:10:30,922 - PointTransformerVPT - INFO - config.consider_metric : CDL1
